<?xml version="1.0" encoding="UTF-8"?>
<testng-results skipped="0" failed="0" ignored="0" total="1" passed="1">
  <reporter-output>
  </reporter-output>
  <suite name="Default suite" duration-ms="60265" started-at="2019-09-12T06:50:04Z" finished-at="2019-09-12T06:51:04Z">
    <groups>
    </groups>
    <test name="Default test" duration-ms="60265" started-at="2019-09-12T06:50:04Z" finished-at="2019-09-12T06:51:04Z">
      <class name="com.rex.hinai_auto.homepage.TC003_Admission">
        <test-method status="PASS" signature="beforeClass()[pri:0, instance:com.rex.hinai_auto.homepage.TC003_Admission@3884b2]" name="beforeClass" is-config="true" duration-ms="9830" started-at="2019-09-12T06:50:04Z" finished-at="2019-09-12T06:50:14Z">
          <reporter-output>
          </reporter-output>
        </test-method> <!-- beforeClass -->
        <test-method status="PASS" signature="patAdmission()[pri:0, instance:com.rex.hinai_auto.homepage.TC003_Admission@3884b2]" name="patAdmission" duration-ms="50381" started-at="2019-09-12T06:50:14Z" finished-at="2019-09-12T06:51:04Z">
          <reporter-output>
          </reporter-output>
        </test-method> <!-- patAdmission -->
      </class> <!-- com.rex.hinai_auto.homepage.TC003_Admission -->
    </test> <!-- Default test -->
  </suite> <!-- Default suite -->
</testng-results>
