<?xml version="1.0" encoding="UTF-8"?>
<testng-results skipped="0" failed="0" ignored="0" total="0" passed="0">
  <reporter-output>
  </reporter-output>
  <suite name="com.rex.hinai_auto.AppTest" duration-ms="8" started-at="2019-09-10T01:27:38Z" finished-at="2019-09-10T01:27:38Z">
    <groups>
    </groups>
    <test name="Command line test" duration-ms="8" started-at="2019-09-10T01:27:38Z" finished-at="2019-09-10T01:27:38Z">
    </test> <!-- Command line test -->
  </suite> <!-- com.rex.hinai_auto.AppTest -->
</testng-results>
